<?xml version="1.0" encoding="UTF-8" ?>
<testsuites>
<testsuite name="test article" errors="0" tests="3" failures="0" time="1.391" timestamp="2018-11-12T03:19:32">
  <testcase classname="test article" name="should validate GET /articles" time="0.954"></testcase>
  <testcase classname="test article" name="should validate GET /articles/id" time="0.266"></testcase>
  <testcase classname="test article" name="should validate post /article" time="0.17"></testcase>
</testsuite>
</testsuites>